build/app/intermediates/manifest_merge_blame_file/release/manifest-merger-blame-release-report.txt
1<?xml version="1.0" encoding="utf-8"?>
2<manifest xmlns:android="http://schemas.android.com/apk/res/android"
3    package="app.broz.superadmin"
4    android:versionCode="1"
5    android:versionName="1.0.0" >
6
7    <uses-sdk
8        android:minSdkVersion="16"
8-->src/main/AndroidManifest.xml
9        android:targetSdkVersion="28" />
9-->src/main/AndroidManifest.xml
10
11    <uses-permission android:name="android.permission.ACCESS_NETWORK_STATE" />
11-->[com.google.firebase:firebase-iid:20.1.1] AndroidManifest.xml:22:5-79
11-->[com.google.firebase:firebase-iid:20.1.1] AndroidManifest.xml:22:22-76
12    <uses-permission android:name="android.permission.INTERNET" />
12-->[com.google.firebase:firebase-iid:20.1.1] AndroidManifest.xml:23:5-67
12-->[com.google.firebase:firebase-iid:20.1.1] AndroidManifest.xml:23:22-64
13    <uses-permission android:name="android.permission.WAKE_LOCK" /> <!-- Required by older versions of Google Play services to create IID tokens -->
13-->[com.google.firebase:firebase-iid:20.1.1] AndroidManifest.xml:24:5-68
13-->[com.google.firebase:firebase-iid:20.1.1] AndroidManifest.xml:24:22-65
14    <uses-permission android:name="com.google.android.c2dm.permission.RECEIVE" />
14-->[com.google.firebase:firebase-iid:20.1.1] AndroidManifest.xml:26:5-82
14-->[com.google.firebase:firebase-iid:20.1.1] AndroidManifest.xml:26:22-79
15    <!--
16 io.flutter.app.FlutterApplication is an android.app.Application that
17         calls FlutterMain.startInitialization(this); in its onCreate method.
18         In most cases you can leave this as-is, but you if you want to provide
19         additional functionality it is fine to subclass or reimplement
20         FlutterApplication and put your custom class here.
21    -->
22    <application
22-->src/main/AndroidManifest.xml:8:5-52:19
23        android:name="com.example.push_notification.MyApplication"
23-->src/main/AndroidManifest.xml:9:9-67
24        android:appComponentFactory="androidx.core.app.CoreComponentFactory"
24-->[androidx.core:core:1.2.0] AndroidManifest.xml:24:18-86
25        android:icon="@mipmap/ic_launcher"
25-->src/main/AndroidManifest.xml:11:9-43
26        android:label="Admin Broz" >
26-->src/main/AndroidManifest.xml:10:9-35
27        <meta-data
27-->src/main/AndroidManifest.xml:12:9-14:71
28            android:name="com.google.firebase.messaging.default_notification_icon"
28-->src/main/AndroidManifest.xml:13:13-83
29            android:resource="@drawable/ic_notification_small_icon" />
29-->src/main/AndroidManifest.xml:14:13-68
30        <meta-data
30-->src/main/AndroidManifest.xml:15:9-17:63
31            android:name="com.google.firebase.messaging.default_notification_channel_id"
31-->src/main/AndroidManifest.xml:16:13-89
32            android:value="@string/notification_channel_id" />
32-->src/main/AndroidManifest.xml:17:13-60
33
34        <activity
34-->src/main/AndroidManifest.xml:18:9-46:20
35            android:name="com.example.push_notification.MainActivity"
35-->src/main/AndroidManifest.xml:19:13-41
36            android:configChanges="orientation|keyboardHidden|keyboard|screenSize|smallestScreenSize|locale|layoutDirection|fontScale|screenLayout|density|uiMode"
36-->src/main/AndroidManifest.xml:22:13-163
37            android:hardwareAccelerated="true"
37-->src/main/AndroidManifest.xml:23:13-47
38            android:launchMode="singleTop"
38-->src/main/AndroidManifest.xml:20:13-43
39            android:theme="@style/LaunchTheme"
39-->src/main/AndroidManifest.xml:21:13-47
40            android:windowSoftInputMode="adjustResize" >
40-->src/main/AndroidManifest.xml:24:13-55
41
42            <!--
43                 Specifies an Android theme to apply to this Activity as soon as
44                 the Android process has started. This theme is visible to the user
45                 while the Flutter UI initializes. After that, this theme continues
46                 to determine the Window background behind the Flutter UI.
47            -->
48            <meta-data
48-->src/main/AndroidManifest.xml:29:13-32:17
49                android:name="io.flutter.embedding.android.NormalTheme"
49-->src/main/AndroidManifest.xml:30:15-70
50                android:resource="@style/NormalTheme" />
50-->src/main/AndroidManifest.xml:31:15-52
51            <!--
52                 Displays an Android View that continues showing the launch screen
53                 Drawable until Flutter paints its first frame, then this splash
54                 screen fades out. A splash screen is useful to avoid any visual
55                 gap between the end of Android's launch screen and the painting of
56                 Flutter's first frame.
57            -->
58            <meta-data
58-->src/main/AndroidManifest.xml:38:13-41:17
59                android:name="io.flutter.embedding.android.SplashScreenDrawable"
59-->src/main/AndroidManifest.xml:39:15-79
60                android:resource="@drawable/launch_background" />
60-->src/main/AndroidManifest.xml:40:15-61
61
62            <intent-filter>
62-->src/main/AndroidManifest.xml:42:13-45:29
63                <action android:name="android.intent.action.MAIN" />
63-->src/main/AndroidManifest.xml:43:17-68
63-->src/main/AndroidManifest.xml:43:25-66
64
65                <category android:name="android.intent.category.LAUNCHER" />
65-->src/main/AndroidManifest.xml:44:17-76
65-->src/main/AndroidManifest.xml:44:27-74
66            </intent-filter>
67        </activity>
68        <!--
69             Don't delete the meta-data below.
70             This is used by the Flutter tool to generate GeneratedPluginRegistrant.java
71        -->
72        <meta-data
72-->src/main/AndroidManifest.xml:49:9-51:33
73            android:name="flutterEmbedding"
73-->src/main/AndroidManifest.xml:50:13-44
74            android:value="2" />
74-->src/main/AndroidManifest.xml:51:13-30
75
76        <service android:name="io.flutter.plugins.firebasemessaging.FlutterFirebaseMessagingService" >
76-->[:firebase_messaging] AndroidManifest.xml:8:9-12:19
76-->[:firebase_messaging] AndroidManifest.xml:8:18-101
77            <intent-filter>
77-->[:firebase_messaging] AndroidManifest.xml:9:13-11:29
78                <action android:name="com.google.firebase.MESSAGING_EVENT" />
78-->[:firebase_messaging] AndroidManifest.xml:10:17-78
78-->[:firebase_messaging] AndroidManifest.xml:10:25-75
79            </intent-filter>
80        </service>
81        <service
81-->[:firebase_messaging] AndroidManifest.xml:13:9-17:19
82            android:name="com.google.firebase.components.ComponentDiscoveryService"
82-->[:firebase_messaging] AndroidManifest.xml:13:18-89
83            android:directBootAware="true"
83-->[com.google.firebase:firebase-common:19.3.0] AndroidManifest.xml:34:13-43
84            android:exported="false" >
84-->[com.google.firebase:firebase-messaging:20.1.2] AndroidManifest.xml:37:13-37
85            <meta-data
85-->[:firebase_messaging] AndroidManifest.xml:14:13-16:85
86                android:name="com.google.firebase.components:io.flutter.plugins.firebasemessaging.FlutterFirebaseAppRegistrar"
86-->[:firebase_messaging] AndroidManifest.xml:15:17-127
87                android:value="com.google.firebase.components.ComponentRegistrar" />
87-->[:firebase_messaging] AndroidManifest.xml:16:17-82
88            <meta-data
88-->[com.google.firebase:firebase-messaging:20.1.2] AndroidManifest.xml:38:13-40:85
89                android:name="com.google.firebase.components:com.google.firebase.messaging.FirebaseMessagingRegistrar"
89-->[com.google.firebase:firebase-messaging:20.1.2] AndroidManifest.xml:39:17-119
90                android:value="com.google.firebase.components.ComponentRegistrar" />
90-->[com.google.firebase:firebase-messaging:20.1.2] AndroidManifest.xml:40:17-82
91            <meta-data
91-->[com.google.firebase:firebase-datatransport:17.0.3] AndroidManifest.xml:28:13-30:85
92                android:name="com.google.firebase.components:com.google.firebase.datatransport.TransportRegistrar"
92-->[com.google.firebase:firebase-datatransport:17.0.3] AndroidManifest.xml:29:17-115
93                android:value="com.google.firebase.components.ComponentRegistrar" />
93-->[com.google.firebase:firebase-datatransport:17.0.3] AndroidManifest.xml:30:17-82
94            <meta-data
94-->[com.google.firebase:firebase-iid:20.1.1] AndroidManifest.xml:32:13-34:85
95                android:name="com.google.firebase.components:com.google.firebase.iid.Registrar"
95-->[com.google.firebase:firebase-iid:20.1.1] AndroidManifest.xml:33:17-96
96                android:value="com.google.firebase.components.ComponentRegistrar" />
96-->[com.google.firebase:firebase-iid:20.1.1] AndroidManifest.xml:34:17-82
97            <meta-data
97-->[com.google.firebase:firebase-installations:16.0.0] AndroidManifest.xml:17:13-19:85
98                android:name="com.google.firebase.components:com.google.firebase.installations.FirebaseInstallationsRegistrar"
98-->[com.google.firebase:firebase-installations:16.0.0] AndroidManifest.xml:18:17-127
99                android:value="com.google.firebase.components.ComponentRegistrar" />
99-->[com.google.firebase:firebase-installations:16.0.0] AndroidManifest.xml:19:17-82
100        </service>
101        <!--
102             FirebaseMessagingService performs security checks at runtime,
103             but set to not exported to explicitly avoid allowing another app to call it.
104        -->
105        <service
105-->[com.google.firebase:firebase-messaging:20.1.2] AndroidManifest.xml:28:9-34:19
106            android:name="com.google.firebase.messaging.FirebaseMessagingService"
106-->[com.google.firebase:firebase-messaging:20.1.2] AndroidManifest.xml:29:13-82
107            android:exported="false" >
107-->[com.google.firebase:firebase-messaging:20.1.2] AndroidManifest.xml:30:13-37
108            <intent-filter android:priority="-500" >
108-->[:firebase_messaging] AndroidManifest.xml:9:13-11:29
109                <action android:name="com.google.firebase.MESSAGING_EVENT" />
109-->[:firebase_messaging] AndroidManifest.xml:10:17-78
109-->[:firebase_messaging] AndroidManifest.xml:10:25-75
110            </intent-filter>
111        </service>
112
113        <receiver
113-->[com.google.firebase:firebase-iid:20.1.1] AndroidManifest.xml:37:9-44:20
114            android:name="com.google.firebase.iid.FirebaseInstanceIdReceiver"
114-->[com.google.firebase:firebase-iid:20.1.1] AndroidManifest.xml:38:13-78
115            android:exported="true"
115-->[com.google.firebase:firebase-iid:20.1.1] AndroidManifest.xml:39:13-36
116            android:permission="com.google.android.c2dm.permission.SEND" >
116-->[com.google.firebase:firebase-iid:20.1.1] AndroidManifest.xml:40:13-73
117            <intent-filter>
117-->[com.google.firebase:firebase-iid:20.1.1] AndroidManifest.xml:41:13-43:29
118                <action android:name="com.google.android.c2dm.intent.RECEIVE" />
118-->[com.google.firebase:firebase-iid:20.1.1] AndroidManifest.xml:42:17-81
118-->[com.google.firebase:firebase-iid:20.1.1] AndroidManifest.xml:42:25-78
119            </intent-filter>
120        </receiver>
121
122        <provider
122-->[com.google.firebase:firebase-common:19.3.0] AndroidManifest.xml:26:9-30:39
123            android:name="com.google.firebase.provider.FirebaseInitProvider"
123-->[com.google.firebase:firebase-common:19.3.0] AndroidManifest.xml:27:13-77
124            android:authorities="app.broz.superadmin.firebaseinitprovider"
124-->[com.google.firebase:firebase-common:19.3.0] AndroidManifest.xml:28:13-72
125            android:exported="false"
125-->[com.google.firebase:firebase-common:19.3.0] AndroidManifest.xml:29:13-37
126            android:initOrder="100" />
126-->[com.google.firebase:firebase-common:19.3.0] AndroidManifest.xml:30:13-36
127
128        <activity
128-->[com.google.android.gms:play-services-base:17.0.0] AndroidManifest.xml:23:9-26:75
129            android:name="com.google.android.gms.common.api.GoogleApiActivity"
129-->[com.google.android.gms:play-services-base:17.0.0] AndroidManifest.xml:24:13-79
130            android:exported="false"
130-->[com.google.android.gms:play-services-base:17.0.0] AndroidManifest.xml:25:13-37
131            android:theme="@android:style/Theme.Translucent.NoTitleBar" />
131-->[com.google.android.gms:play-services-base:17.0.0] AndroidManifest.xml:26:13-72
132
133        <meta-data
133-->[com.google.android.gms:play-services-basement:17.0.0] AndroidManifest.xml:23:9-25:69
134            android:name="com.google.android.gms.version"
134-->[com.google.android.gms:play-services-basement:17.0.0] AndroidManifest.xml:24:13-58
135            android:value="@integer/google_play_services_version" />
135-->[com.google.android.gms:play-services-basement:17.0.0] AndroidManifest.xml:25:13-66
136
137        <service
137-->[com.google.android.datatransport:transport-backend-cct:2.2.0] AndroidManifest.xml:29:9-35:19
138            android:name="com.google.android.datatransport.runtime.backends.TransportBackendDiscovery"
138-->[com.google.android.datatransport:transport-backend-cct:2.2.0] AndroidManifest.xml:30:13-103
139            android:exported="false" >
139-->[com.google.android.datatransport:transport-backend-cct:2.2.0] AndroidManifest.xml:31:13-37
140            <meta-data
140-->[com.google.android.datatransport:transport-backend-cct:2.2.0] AndroidManifest.xml:32:13-34:39
141                android:name="backend:com.google.android.datatransport.cct.CctBackendFactory"
141-->[com.google.android.datatransport:transport-backend-cct:2.2.0] AndroidManifest.xml:33:17-94
142                android:value="cct" />
142-->[com.google.android.datatransport:transport-backend-cct:2.2.0] AndroidManifest.xml:34:17-36
143        </service>
144        <service
144-->[com.google.android.datatransport:transport-runtime:2.2.0] AndroidManifest.xml:26:9-30:19
145            android:name="com.google.android.datatransport.runtime.scheduling.jobscheduling.JobInfoSchedulerService"
145-->[com.google.android.datatransport:transport-runtime:2.2.0] AndroidManifest.xml:27:13-117
146            android:exported="false"
146-->[com.google.android.datatransport:transport-runtime:2.2.0] AndroidManifest.xml:28:13-37
147            android:permission="android.permission.BIND_JOB_SERVICE" >
147-->[com.google.android.datatransport:transport-runtime:2.2.0] AndroidManifest.xml:29:13-69
148        </service>
149
150        <receiver
150-->[com.google.android.datatransport:transport-runtime:2.2.0] AndroidManifest.xml:32:9-34:40
151            android:name="com.google.android.datatransport.runtime.scheduling.jobscheduling.AlarmManagerSchedulerBroadcastReceiver"
151-->[com.google.android.datatransport:transport-runtime:2.2.0] AndroidManifest.xml:33:13-132
152            android:exported="false" />
152-->[com.google.android.datatransport:transport-runtime:2.2.0] AndroidManifest.xml:34:13-37
153    </application>
154
155</manifest>